#
# There is insufficient memory for the Java Runtime Environment to continue.
# Native memory allocation (malloc) failed to allocate 1130096 bytes for Chunk::new
# Possible reasons:
#   The system is out of physical RAM or swap space
#   In 32 bit mode, the process size limit was hit
# Possible solutions:
#   Reduce memory load on the system
#   Increase physical memory or swap space
#   Check if swap backing store is full
#   Use 64 bit Java on a 64 bit OS
#   Decrease Java heap size (-Xmx/-Xms)
#   Decrease number of Java threads
#   Decrease Java thread stack sizes (-Xss)
#   Set larger code cache with -XX:ReservedCodeCacheSize=
# This output file may be truncated or incomplete.
#
#  Out of Memory Error (allocation.cpp:390), pid=23216, tid=0x0000000000005cf8
#
# JRE version: OpenJDK Runtime Environment (8.0) (build 1.8.0-adoptopenjdk-_2018_05_19_00_59-b00)
# Java VM: OpenJDK 64-Bit Server VM (25.71-b00 mixed mode windows-amd64 compressed oops)
# Failed to write core dump. Minidumps are not enabled by default on client versions of Windows
#

---------------  T H R E A D  ---------------

Current thread (0x00000000196a0800):  JavaThread "C2 CompilerThread2" daemon [_thread_in_native, id=23800, stack(0x000000001a060000,0x000000001a160000)]

Stack: [0x000000001a060000,0x000000001a160000]
[error occurred during error reporting (printing stack bounds), id 0xc0000005]

Native frames: (J=compiled Java code, j=interpreted, Vv=VM code, C=native code)


Current CompileTask:
C2:   3088 2027       4       com.sun.org.apache.xerces.internal.impl.XMLNSDocumentScannerImpl::scanStartElement (1026 bytes)


---------------  P R O C E S S  ---------------

Java Threads: ( => current thread )
  0x000000001b99a000 JavaThread "Thread-0" [_thread_blocked, id=13960, stack(0x000000001e1d0000,0x000000001e2d0000)]
  0x000000001973c800 JavaThread "Service Thread" daemon [_thread_blocked, id=12664, stack(0x000000001a260000,0x000000001a360000)]
  0x00000000196ae800 JavaThread "C1 CompilerThread3" daemon [_thread_blocked, id=16784, stack(0x000000001a160000,0x000000001a260000)]
=>0x00000000196a0800 JavaThread "C2 CompilerThread2" daemon [_thread_in_native, id=23800, stack(0x000000001a060000,0x000000001a160000)]
  0x0000000019699000 JavaThread "C2 CompilerThread1" daemon [_thread_blocked, id=21960, stack(0x0000000019f60000,0x000000001a060000)]
  0x0000000019696800 JavaThread "C2 CompilerThread0" daemon [_thread_blocked, id=5876, stack(0x0000000019e60000,0x0000000019f60000)]
  0x0000000019696000 JavaThread "Attach Listener" daemon [_thread_blocked, id=3104, stack(0x0000000019d60000,0x0000000019e60000)]
  0x000000000288e000 JavaThread "Finalizer" daemon [_thread_blocked, id=15580, stack(0x0000000019a60000,0x0000000019b60000)]
  0x000000000288d000 JavaThread "Reference Handler" daemon [_thread_blocked, id=23528, stack(0x0000000019560000,0x0000000019660000)]

Other Threads:
  0x0000000017776000 VMThread [stack: 0x0000000019460000,0x0000000019560000] [id=3480]

VM state:at safepoint (normal execution)

VM Mutex/Monitor currently owned by a thread:  ([mutex/lock_event])
[0x00000000027921d0] Threads_lock - owner thread: 0x0000000017776000
[0x0000000002792150] Heap_lock - owner thread: 0x0000000002795000

Heap:
 PSYoungGen      total 37888K, used 7993K [0x00000000d6300000, 0x00000000d8d00000, 0x0000000100000000)
  eden space 32768K, 11% used [0x00000000d6300000,0x00000000d66b4dc8,0x00000000d8300000)
  from space 5120K, 81% used [0x00000000d8300000,0x00000000d8719838,0x00000000d8800000)
  to   space 5120K, 0% used [0x00000000d8800000,0x00000000d8800000,0x00000000d8d00000)
 ParOldGen       total 86016K, used 104K [0x0000000082800000, 0x0000000087c00000, 0x00000000d6300000)
  object space 86016K, 0% used [0x0000000082800000,0x000000008281a010,0x0000000087c00000)
 Metaspace       used 14231K, capacity 14654K, committed 14848K, reserved 1062912K
  class space    used 1653K, capacity 1780K, committed 1792K, reserved 1048576K

Card table byte_map: [0x0000000011c50000,0x0000000012040000] byte_map_base: 0x000000001183c000

Marking Bits: (ParMarkBitMap*) 0x000000006812be50
 Begin Bits: [0x0000000012ae0000, 0x0000000014a40000)
 End Bits:   [0x0000000014a40000, 0x00000000169a0000)

Polling page: 0x0000000000cf0000

CodeCache: size=245760Kb used=8312Kb max_used=8312Kb free=237447Kb
 bounds [0x0000000002890000, 0x00000000030c0000, 0x0000000011890000]
 total_blobs=2738 nmethods=2366 adapters=283
 compilation: enabled

Compilation events (10 events):
Event: 3.060 Thread 0x00000000196ae800 nmethod 2381 0x00000000030aac10 code [0x00000000030aad80, 0x00000000030aaf90]
Event: 3.060 Thread 0x00000000196ae800 2379       3       com.android.sdklib.tool.sdkmanager.ListAction$$Lambda$44/93314457::apply (13 bytes)
Event: 3.061 Thread 0x00000000196ae800 nmethod 2379 0x00000000030ab050 code [0x00000000030ab1c0, 0x00000000030ab4e8]
Event: 3.064 Thread 0x00000000196ae800 2382       3       java.lang.invoke.TypeConvertingMethodAdapter::descriptorToName (36 bytes)
Event: 3.064 Thread 0x00000000196ae800 nmethod 2382 0x00000000030ab5d0 code [0x00000000030ab780, 0x00000000030abea8]
Event: 3.065 Thread 0x00000000196ae800 2384       3       java.lang.reflect.Constructor::acquireConstructorAccessor (44 bytes)
Event: 3.065 Thread 0x00000000196ae800 nmethod 2384 0x00000000030ad650 code [0x00000000030ad7e0, 0x00000000030ade38]
Event: 3.069 Thread 0x00000000196ae800 2385       1       java.util.logging.LogManager::access$500 (5 bytes)
Event: 3.069 Thread 0x00000000196ae800 nmethod 2385 0x00000000030b3190 code [0x00000000030b32e0, 0x00000000030b33d0]
Event: 3.069 Thread 0x00000000196ae800 2386   !   3       java.util.logging.LogManager::ensureLogManagerInitialized (128 bytes)

GC Heap History (6 events):
Event: 2.469 GC heap before
{Heap before GC invocations=1 (full 0):
 PSYoungGen      total 37888K, used 32768K [0x00000000d6300000, 0x00000000d8d00000, 0x0000000100000000)
  eden space 32768K, 100% used [0x00000000d6300000,0x00000000d8300000,0x00000000d8300000)
  from space 5120K, 0% used [0x00000000d8800000,0x00000000d8800000,0x00000000d8d00000)
  to   space 5120K, 0% used [0x00000000d8300000,0x00000000d8300000,0x00000000d8800000)
 ParOldGen       total 86016K, used 0K [0x0000000082800000, 0x0000000087c00000, 0x00000000d6300000)
  object space 86016K, 0% used [0x0000000082800000,0x0000000082800000,0x0000000087c00000)
 Metaspace       used 13577K, capacity 13894K, committed 14080K, reserved 1060864K
  class space    used 1599K, capacity 1698K, committed 1792K, reserved 1048576K
Event: 2.477 GC heap after
Heap after GC invocations=1 (full 0):
 PSYoungGen      total 37888K, used 5022K [0x00000000d6300000, 0x00000000d8d00000, 0x0000000100000000)
  eden space 32768K, 0% used [0x00000000d6300000,0x00000000d6300000,0x00000000d8300000)
  from space 5120K, 98% used [0x00000000d8300000,0x00000000d87e7910,0x00000000d8800000)
  to   space 5120K, 0% used [0x00000000d8800000,0x00000000d8800000,0x00000000d8d00000)
 ParOldGen       total 86016K, used 88K [0x0000000082800000, 0x0000000087c00000, 0x00000000d6300000)
  object space 86016K, 0% used [0x0000000082800000,0x0000000082816010,0x0000000087c00000)
 Metaspace       used 13577K, capacity 13894K, committed 14080K, reserved 1060864K
  class space    used 1599K, capacity 1698K, committed 1792K, reserved 1048576K
}
Event: 2.722 GC heap before
{Heap before GC invocations=2 (full 0):
 PSYoungGen      total 37888K, used 37790K [0x00000000d6300000, 0x00000000d8d00000, 0x0000000100000000)
  eden space 32768K, 100% used [0x00000000d6300000,0x00000000d8300000,0x00000000d8300000)
  from space 5120K, 98% used [0x00000000d8300000,0x00000000d87e7910,0x00000000d8800000)
  to   space 5120K, 0% used [0x00000000d8800000,0x00000000d8800000,0x00000000d8d00000)
 ParOldGen       total 86016K, used 88K [0x0000000082800000, 0x0000000087c00000, 0x00000000d6300000)
  object space 86016K, 0% used [0x0000000082800000,0x0000000082816010,0x0000000087c00000)
 Metaspace       used 13785K, capacity 14094K, committed 14336K, reserved 1062912K
  class space    used 1611K, capacity 1710K, committed 1792K, reserved 1048576K
Event: 2.726 GC heap after
Heap after GC invocations=2 (full 0):
 PSYoungGen      total 37888K, used 3872K [0x00000000d6300000, 0x00000000d8d00000, 0x0000000100000000)
  eden space 32768K, 0% used [0x00000000d6300000,0x00000000d6300000,0x00000000d8300000)
  from space 5120K, 75% used [0x00000000d8800000,0x00000000d8bc8230,0x00000000d8d00000)
  to   space 5120K, 0% used [0x00000000d8300000,0x00000000d8300000,0x00000000d8800000)
 ParOldGen       total 86016K, used 96K [0x0000000082800000, 0x0000000087c00000, 0x00000000d6300000)
  object space 86016K, 0% used [0x0000000082800000,0x0000000082818010,0x0000000087c00000)
 Metaspace       used 13785K, capacity 14094K, committed 14336K, reserved 1062912K
  class space    used 1611K, capacity 1710K, committed 1792K, reserved 1048576K
}
Event: 2.920 GC heap before
{Heap before GC invocations=3 (full 0):
 PSYoungGen      total 37888K, used 36617K [0x00000000d6300000, 0x00000000d8d00000, 0x0000000100000000)
  eden space 32768K, 99% used [0x00000000d6300000,0x00000000d82fa408,0x00000000d8300000)
  from space 5120K, 75% used [0x00000000d8800000,0x00000000d8bc8230,0x00000000d8d00000)
  to   space 5120K, 0% used [0x00000000d8300000,0x00000000d8300000,0x00000000d8800000)
 ParOldGen       total 86016K, used 96K [0x0000000082800000, 0x0000000087c00000, 0x00000000d6300000)
  object space 86016K, 0% used [0x0000000082800000,0x0000000082818010,0x0000000087c00000)
 Metaspace       used 13903K, capacity 14246K, committed 14336K, reserved 1062912K
  class space    used 1613K, capacity 1714K, committed 1792K, reserved 1048576K
Event: 2.925 GC heap after
Heap after GC invocations=3 (full 0):
 PSYoungGen      total 37888K, used 4198K [0x00000000d6300000, 0x00000000d8d00000, 0x0000000100000000)
  eden space 32768K, 0% used [0x00000000d6300000,0x00000000d6300000,0x00000000d8300000)
  from space 5120K, 81% used [0x00000000d8300000,0x00000000d8719838,0x00000000d8800000)
  to   space 5120K, 0% used [0x00000000d8800000,0x00000000d8800000,0x00000000d8d00000)
 ParOldGen       total 86016K, used 104K [0x0000000082800000, 0x0000000087c00000, 0x00000000d6300000)
  object space 86016K, 0% used [0x0000000082800000,0x000000008281a010,0x0000000087c00000)
 Metaspace       used 13903K, capacity 14246K, committed 14336K, reserved 1062912K
  class space    used 1613K, capacity 1714K, committed 1792K, reserved 1048576K
}

Deoptimization events (10 events):
Event: 2.448 Thread 0x0000000002795000 Uncommon trap: reason=class_check action=maybe_recompile pc=0x0000000002c81468 method=java.util.regex.Matcher.search(I)Z @ 86
Event: 2.502 Thread 0x0000000002795000 Uncommon trap: reason=class_check action=maybe_recompile pc=0x0000000002c81468 method=java.util.regex.Matcher.search(I)Z @ 86
Event: 2.560 Thread 0x0000000002795000 Uncommon trap: reason=unstable_if action=reinterpret pc=0x0000000002ce9668 method=com.sun.org.apache.xerces.internal.impl.io.UTF8Reader.read([CII)I @ 131
Event: 2.561 Thread 0x0000000002795000 Uncommon trap: reason=unstable_if action=reinterpret pc=0x0000000002db765c method=com.sun.xml.internal.bind.v2.runtime.unmarshaller.ValidatingUnmarshaller.text(Ljava/lang/CharSequence;)V @ 13
Event: 2.564 Thread 0x0000000002795000 Uncommon trap: reason=unstable_if action=reinterpret pc=0x0000000002ccc168 method=com.sun.org.apache.xerces.internal.impl.io.UTF8Reader.read([CII)I @ 131
Event: 2.565 Thread 0x0000000002795000 Uncommon trap: reason=unstable_if action=reinterpret pc=0x0000000002d00ea0 method=java.util.regex.Pattern$Ctype.isSatisfiedBy(I)Z @ 4
Event: 2.572 Thread 0x0000000002795000 Uncommon trap: reason=unstable_if action=reinterpret pc=0x0000000002c814b8 method=java.util.regex.Matcher.find()Z @ 34
Event: 2.578 Thread 0x0000000002795000 Uncommon trap: reason=unstable_if action=reinterpret pc=0x0000000002eb83e0 method=com.sun.org.apache.xerces.internal.impl.xpath.regex.RangeToken.match(I)Z @ 4
Event: 2.579 Thread 0x0000000002795000 Uncommon trap: reason=unstable_if action=reinterpret pc=0x0000000002de8408 method=com.sun.org.apache.xerces.internal.impl.xpath.regex.RangeToken.match(I)Z @ 4
Event: 2.579 Thread 0x0000000002795000 Uncommon trap: reason=unstable_if action=reinterpret pc=0x0000000002e0c868 method=com.sun.org.apache.xerces.internal.util.IntStack.ensureCapacity(I)V @ 24

Classes redefined (0 events):
No events

Internal exceptions (10 events):
Event: 2.118 Thread 0x0000000002795000 Exception <a 'sun/nio/fs/WindowsException'> (0x00000000d76f5690) thrown at [C:\Users\jenkins\workspace\openjdk8_build_x86-64_windows\openjdk\hotspot\src\share\vm\prims\jni.cpp, line 709]
Event: 2.118 Thread 0x0000000002795000 Exception <a 'sun/nio/fs/WindowsException'> (0x00000000d76f5d50) thrown at [C:\Users\jenkins\workspace\openjdk8_build_x86-64_windows\openjdk\hotspot\src\share\vm\prims\jni.cpp, line 709]
Event: 2.175 Thread 0x0000000002795000 Exception <a 'java/lang/ClassNotFoundException': com/sun/org/glassfish/hk2/osgiresourcelocator/ServiceLoader> (0x00000000d7a04da8) thrown at [C:\Users\jenkins\workspace\openjdk8_build_x86-64_windows\openjdk\hotspot\src\share\vm\classfile\systemDictionary.
Event: 2.446 Thread 0x0000000002795000 Exception <a 'sun/nio/fs/WindowsException'> (0x00000000d8216340) thrown at [C:\Users\jenkins\workspace\openjdk8_build_x86-64_windows\openjdk\hotspot\src\share\vm\prims\jni.cpp, line 709]
Event: 2.446 Thread 0x0000000002795000 Exception <a 'sun/nio/fs/WindowsException'> (0x00000000d82167f8) thrown at [C:\Users\jenkins\workspace\openjdk8_build_x86-64_windows\openjdk\hotspot\src\share\vm\prims\jni.cpp, line 709]
Event: 2.450 Thread 0x0000000002795000 Exception <a 'java/lang/ClassNotFoundException': com/sun/org/glassfish/hk2/osgiresourcelocator/ServiceLoader> (0x00000000d82475e0) thrown at [C:\Users\jenkins\workspace\openjdk8_build_x86-64_windows\openjdk\hotspot\src\share\vm\classfile\systemDictionary.
Event: 2.505 Thread 0x0000000002795000 Exception <a 'java/lang/ClassNotFoundException': com/sun/org/glassfish/hk2/osgiresourcelocator/ServiceLoader> (0x00000000d64769d8) thrown at [C:\Users\jenkins\workspace\openjdk8_build_x86-64_windows\openjdk\hotspot\src\share\vm\classfile\systemDictionary.
Event: 2.578 Thread 0x0000000002795000 Implicit null exception at 0x0000000002eb5889 to 0x0000000002eb836d
Event: 2.579 Thread 0x0000000002795000 Implicit null exception at 0x0000000002de8350 to 0x0000000002de83f1
Event: 2.803 Thread 0x0000000002795000 Exception <a 'java/lang/ClassNotFoundException': com/sun/org/glassfish/hk2/osgiresourcelocator/ServiceLoader> (0x00000000d75a3f70) thrown at [C:\Users\jenkins\workspace\openjdk8_build_x86-64_windows\openjdk\hotspot\src\share\vm\classfile\systemDictionary.

Events (10 events):
Event: 3.066 Thread 0x0000000002795000 Thread added: 0x0000000002795000
Event: 3.066 loading class java/util/IdentityHashMap$KeySet
Event: 3.067 loading class java/util/IdentityHashMap$KeySet done
Event: 3.067 loading class java/util/IdentityHashMap$KeyIterator
Event: 3.067 loading class java/util/IdentityHashMap$IdentityHashMapIterator
Event: 3.068 loading class java/util/IdentityHashMap$IdentityHashMapIterator done
Event: 3.068 loading class java/util/IdentityHashMap$KeyIterator done
Event: 3.068 Thread 0x000000001b99a000 Thread added: 0x000000001b99a000
Event: 3.069 Thread 0x0000000019695000 Thread exited: 0x0000000019695000
Event: 3.070 Thread 0x0000000002795000 Thread exited: 0x0000000002795000


Dynamic libraries:
0x00007ff749d80000 - 0x00007ff749db5000 	D:\apps\2020.3.2f1\Editor\Data\PlaybackEngines\AndroidPlayer\OpenJDK\bin\java.exe
0x00007fff55ab0000 - 0x00007fff55ca5000 	C:\WINDOWS\SYSTEM32\ntdll.dll
0x00007ffefe950000 - 0x00007ffefe966000 	C:\Program Files\Avast Software\Avast\aswhook.dll
0x00007fff53cb0000 - 0x00007fff53d6e000 	C:\WINDOWS\System32\KERNEL32.DLL
0x00007fff532d0000 - 0x00007fff53598000 	C:\WINDOWS\System32\KERNELBASE.dll
0x00007fff552a0000 - 0x00007fff5534c000 	C:\WINDOWS\System32\ADVAPI32.dll
0x00007fff54830000 - 0x00007fff548ce000 	C:\WINDOWS\System32\msvcrt.dll
0x00007fff54790000 - 0x00007fff5482b000 	C:\WINDOWS\System32\sechost.dll
0x00007fff548d0000 - 0x00007fff549fa000 	C:\WINDOWS\System32\RPCRT4.dll
0x00007fff557e0000 - 0x00007fff55981000 	C:\WINDOWS\System32\USER32.dll
0x00007fff53800000 - 0x00007fff53822000 	C:\WINDOWS\System32\win32u.dll
0x00007fff54620000 - 0x00007fff5464b000 	C:\WINDOWS\System32\GDI32.dll
0x00007fff535a0000 - 0x00007fff536ab000 	C:\WINDOWS\System32\gdi32full.dll
0x00007fff53700000 - 0x00007fff5379d000 	C:\WINDOWS\System32\msvcp_win.dll
0x00007fff531d0000 - 0x00007fff532d0000 	C:\WINDOWS\System32\ucrtbase.dll
0x00007fff1d590000 - 0x00007fff1d82a000 	C:\WINDOWS\WinSxS\amd64_microsoft.windows.common-controls_6595b64144ccf1df_6.0.19041.1110_none_60b5254171f9507e\COMCTL32.dll
0x00007fff53ee0000 - 0x00007fff53f10000 	C:\WINDOWS\System32\IMM32.DLL
0x0000000068a60000 - 0x0000000068b32000 	D:\apps\2020.3.2f1\Editor\Data\PlaybackEngines\AndroidPlayer\OpenJDK\jre\bin\msvcr100.dll
0x0000000067960000 - 0x00000000681a9000 	D:\apps\2020.3.2f1\Editor\Data\PlaybackEngines\AndroidPlayer\OpenJDK\jre\bin\server\jvm.dll
0x00007fff55290000 - 0x00007fff55298000 	C:\WINDOWS\System32\PSAPI.DLL
0x00007fff1fa80000 - 0x00007fff1faa7000 	C:\WINDOWS\SYSTEM32\WINMM.dll
0x00007fff46100000 - 0x00007fff4610a000 	C:\WINDOWS\SYSTEM32\VERSION.dll
0x00007fff3b3d0000 - 0x00007fff3b3d9000 	C:\WINDOWS\SYSTEM32\WSOCK32.dll
0x00007fff54a60000 - 0x00007fff54acb000 	C:\WINDOWS\System32\WS2_32.dll
0x00007fff00be0000 - 0x00007fff00bef000 	D:\apps\2020.3.2f1\Editor\Data\PlaybackEngines\AndroidPlayer\OpenJDK\jre\bin\verify.dll
0x00007ffefe080000 - 0x00007ffefe0a9000 	D:\apps\2020.3.2f1\Editor\Data\PlaybackEngines\AndroidPlayer\OpenJDK\jre\bin\java.dll
0x00007ffefe060000 - 0x00007ffefe076000 	D:\apps\2020.3.2f1\Editor\Data\PlaybackEngines\AndroidPlayer\OpenJDK\jre\bin\zip.dll
0x00007fff54ad0000 - 0x00007fff5520f000 	C:\WINDOWS\System32\SHELL32.dll
0x00007fff512b0000 - 0x00007fff51a40000 	C:\WINDOWS\SYSTEM32\windows.storage.dll
0x00007fff55420000 - 0x00007fff55775000 	C:\WINDOWS\System32\combase.dll
0x00007fff52c20000 - 0x00007fff52c4e000 	C:\WINDOWS\SYSTEM32\Wldp.dll
0x00007fff53e20000 - 0x00007fff53ecd000 	C:\WINDOWS\System32\SHCORE.dll
0x00007fff54a00000 - 0x00007fff54a55000 	C:\WINDOWS\System32\shlwapi.dll
0x00007fff53110000 - 0x00007fff5312f000 	C:\WINDOWS\SYSTEM32\profapi.dll
0x00007ffeede70000 - 0x00007ffeede8a000 	D:\apps\2020.3.2f1\Editor\Data\PlaybackEngines\AndroidPlayer\OpenJDK\jre\bin\net.dll
0x00007fff52980000 - 0x00007fff529ea000 	C:\WINDOWS\system32\mswsock.dll
0x00007ffeede50000 - 0x00007ffeede61000 	D:\apps\2020.3.2f1\Editor\Data\PlaybackEngines\AndroidPlayer\OpenJDK\jre\bin\nio.dll

VM Arguments:
jvm_args: -Dfile.encoding=UTF-8 -Dcom.android.sdklib.toolsdir=D:\apps\2020.3.2f1\Editor\Data\PlaybackEngines\AndroidPlayer\SDK\tools\bin\\.. 
java_command: com.android.sdklib.tool.sdkmanager.SdkManagerCli --list
java_class_path (initial): D:\apps\2020.3.2f1\Editor\Data\PlaybackEngines\AndroidPlayer\SDK\tools\bin\..\lib\dvlib-26.0.0-dev.jar;D:\apps\2020.3.2f1\Editor\Data\PlaybackEngines\AndroidPlayer\SDK\tools\bin\..\lib\jimfs-1.1.jar;D:\apps\2020.3.2f1\Editor\Data\PlaybackEngines\AndroidPlayer\SDK\tools\bin\..\lib\jsr305-1.3.9.jar;D:\apps\2020.3.2f1\Editor\Data\PlaybackEngines\AndroidPlayer\SDK\tools\bin\..\lib\repository-26.0.0-dev.jar;D:\apps\2020.3.2f1\Editor\Data\PlaybackEngines\AndroidPlayer\SDK\tools\bin\..\lib\j2objc-annotations-1.1.jar;D:\apps\2020.3.2f1\Editor\Data\PlaybackEngines\AndroidPlayer\SDK\tools\bin\..\lib\layoutlib-api-26.0.0-dev.jar;D:\apps\2020.3.2f1\Editor\Data\PlaybackEngines\AndroidPlayer\SDK\tools\bin\..\lib\gson-2.3.jar;D:\apps\2020.3.2f1\Editor\Data\PlaybackEngines\AndroidPlayer\SDK\tools\bin\..\lib\httpcore-4.2.5.jar;D:\apps\2020.3.2f1\Editor\Data\PlaybackEngines\AndroidPlayer\SDK\tools\bin\..\lib\commons-logging-1.1.1.jar;D:\apps\2020.3.2f1\Editor\Data\PlaybackEngines\AndroidPlayer\SDK\tools\bin\..\lib\commons-compress-1.12.jar;D:\apps\2020.3.2f1\Editor\Data\PlaybackEngines\AndroidPlayer\SDK\tools\bin\..\lib\annotations-26.0.0-dev.jar;D:\apps\2020.3.2f1\Editor\Data\PlaybackEngines\AndroidPlayer\SDK\tools\bin\..\lib\error_prone_annotations-2.0.18.jar;D:\apps\2020.3.2f1\Editor\Data\PlaybackEngines\AndroidPlayer\SDK\tools\bin\..\lib\animal-sniffer-annotations-1.14.jar;D:\apps\2020.3.2f1\Editor\Data\PlaybackEngines\AndroidPlayer\SDK\tools\bin\..\lib\httpclient-4.2.6.jar;D:\apps\2020.3.2f1\Editor\Data\PlaybackEngines\AndroidPlayer\SDK\tools\bin\..\lib\commons-codec-1.6.jar;D:\apps\2020.3.2f1\Editor\Data\PlaybackEngines\AndroidPlayer\SDK\tools\bin\..\lib\common-26.0.0-dev.jar;D:\apps\2020.3.2f1\Editor\Data\PlaybackEngines\AndroidPlayer\SDK\tools\bin\..\lib\kxml2-2.3.0.jar;D:\apps\2020.3.2f1\Editor\Data\PlaybackEngines\AndroidPlayer\SDK\tools\bin\..\lib\httpmime-4.1.jar;D:\apps\2020.3.2f1\Editor\Data\PlaybackEngines\AndroidPlayer\SDK\tools\bin\..\lib
Launcher Type: SUN_STANDARD

Environment Variables:
JAVA_HOME=D:\apps\2020.3.2f1\Editor\Data\PlaybackEngines\AndroidPlayer\OpenJDK
JAVA_TOOL_OPTIONS=-Dfile.encoding=UTF-8
PATH=C:\Program Files (x86)\Common Files\Intel\Shared Libraries\redist\intel64\compiler;C:\ProgramData\Oracle\Java\javapath;C:\Windows\system32;C:\Windows;C:\Windows\System32\Wbem;C:\Windows\System32\WindowsPowerShell\v1.0\;C:\Windows\System32\OpenSSH\;C:\Program Files (x86)\NVIDIA Corporation\PhysX\Common;C:\Program Files\NVIDIA Corporation\NVIDIA NvDLISR;C:\WINDOWS\system32;C:\WINDOWS;C:\WINDOWS\System32\Wbem;C:\WINDOWS\System32\WindowsPowerShell\v1.0\;C:\WINDOWS\System32\OpenSSH\;C:\Program Files\Microsoft SQL Server\Client SDK\ODBC\170\Tools\Binn\;C:\Program Files\dotnet\;C:\Program Files (x86)\dotnet\;C:\Program Files (x86)\Microsoft SQL Server\150\DTS\Binn\;C:\Program Files\Azure Data Studio\bin;C:\Program Files\Microsoft SQL Server\Client SDK\ODBC\130\Tools\Binn\;C:\Program Files (x86)\Microsoft SQL Server\140\Tools\Binn\;C:\Program Files\Microsoft SQL Server\140\Tools\Binn\;C:\Program Files\Microsoft SQL Server\140\DTS\Binn\;C:\Program Files\Microsoft SQL Server\130\Tools\Binn\;C:\Users\eaame\AppData\Local\Microsoft\WindowsApps;C:\Users\eaame\.dotnet\tools;C:\Users\eaame\AppData\Local\GitHubDesktop\bin;C:\Program Files\Azure Data Studio\bin
USERNAME=eaame
OS=Windows_NT
PROCESSOR_IDENTIFIER=Intel64 Family 6 Model 142 Stepping 12, GenuineIntel



---------------  S Y S T E M  ---------------

OS: Windows 10.0 , 64 bit Build 19041 (10.0.19041.1348)

CPU:total 8 (initial active 8) (4 cores per cpu, 2 threads per core) family 6 model 142 stepping 12, cmov, cx8, fxsr, mmx, sse, sse2, sse3, ssse3, sse4.1, sse4.2, popcnt, avx, avx2, aes, clmul, erms, 3dnowpref, lzcnt, ht, tsc, tscinvbit, bmi1, bmi2, adx

Memory: 4k page, physical 8217904k(374224k free), swap 33383728k(6032k free)

vm_info: OpenJDK 64-Bit Server VM (25.71-b00) for windows-amd64 JRE (1.8.0-adoptopenjdk-_2018_05_19_00_59-b00), built on May 19 2018 01:02:12 by "jenkins" with MS VC++ 10.0 (VS2010)

time: Sun Nov 28 20:41:47 2021
elapsed time: 3 seconds (0d 0h 0m 3s)

